Script handler ready. Waiting for a while to ensure all other mods are done messing with NEI.
Starting NEI Filter scripting. This might take a moment to load all the modules...
Engine: JAVASCRIPT
Setting up Java Library...
Setting up FML Library...
Setting up NEI Library...
Setting up CreativeTab library...
Found creative tab: IC2
Found creative tab: avaritia
Found creative tab: tools
Found creative tab: BiblioCraft
Found creative tab: BiblioCraftLights
Found creative tab: BiblioWoodsBoP
Found creative tab: BiblioWoodsForestry
Found creative tab: BigReactors
Found creative tab: materials
Found creative tab: apiculture
Found creative tab: buildingBlocks
Found creative tab: tabBiomesOPlenty
Found creative tab: Botany
Found creative tab: buildcraft.main
Found creative tab: buildcraft.pipes
Found creative tab: buildcraft.boards
Found creative tab: buildcraft.facades
Found creative tab: buildcraft.gates
Found creative tab: CarpentersBlocks
Found creative tab: blocksAndItems
Found creative tab: food
Found creative tab: toolsAndWeapons
Found creative tab: EnderTechAll
Found creative tab: EnderZoo
Found creative tab: decorations
Found creative tab: arboriculture
Found creative tab: lepidopterology
Found creative tab: extraUtil
Found creative tab: combat
Found creative tab: extraUtil_FMP
Found creative tab: forbidden
Found creative tab: mobcrystal
Found creative tab: forestry
Found creative tab: transportation
Found creative tab: GalacticraftItems
Found creative tab: GalacticraftBlocks
Found creative tab: Genetics
Found creative tab: tabHardcoreEnderExpansion
Found creative tab: Nuclear Control 2
Found creative tab: ImmersiveEngineering
Found creative tab: misc
Found creative tab: jabba
Found creative tab: JAKJ_RedstoneInMotion
Found creative tab: magicBees
Found creative tab: MineFactory Reloaded
Found creative tab: tabOpenBlocks
Found creative tab: OpenComputers
Found creative tab: TConstructBlocks
Found creative tab: core
Found creative tab: expansion
Found creative tab: exploration
Found creative tab: ill
Found creative tab: int
Found creative tab: trans
Found creative tab: transport
Found creative tab: railcraft
Found creative tab: redstonearsenal.creativeTab
Found creative tab: solarexpansion
Found creative tab: sfm
Found creative tab: SC2Blocks
Found creative tab: SC2Modules
Found creative tab: SC2Items
Found creative tab: storageDrawers
Found creative tab: storageDrawersBop
Found creative tab: storageDrawersForestry
Found creative tab: storageDrawersMisc
Found creative tab: TConstructWeaponry
Found creative tab: TConstructParts
Found creative tab: TConstructTools
Found creative tab: TConstructMaterials
Found creative tab: redstone
Found creative tab: TConstructEquipables
Found creative tab: TMechworks
Found creative tab: thaumcraft
Found creative tab: thermaldynamics.creativeTab
Found creative tab: thermaldynamics.creativeTabCovers
Found creative tab: thermalexpansion.creativeTabBlocks
Found creative tab: thermalexpansion.creativeTabItems
Found creative tab: thermalexpansion.creativeTabTools
Found creative tab: thermalexpansion.creativeTabFlorbs
Found creative tab: thermalfoundation.creativeTab
Found creative tab: thermalfoundation.creativeTabArmor
Found creative tab: thermalfoundation.creativeTabTools
Found creative tab: travellersgear
Found creative tab: witchinggadgets
Found creative tab: appliedenergistics2
Found creative tab: appliedenergistics2.facades
Found creative tab: tabWoodChiselBlocks
Found creative tab: tabStairChiselBlocks
Found creative tab: tabModdedChiselBlocks
Found creative tab: tabStoneChiselBlocks
Found creative tab: tabOtherChiselBlocks
Found creative tab: tabChisel
Found creative tab: tabMetalChiselBlocks
Found creative tab: Extra_Cells
Found creative tab: GregTech.Main
Found creative tab: GregTech.Materials
Found creative tab: GregTech.Ores
Found creative tab: guideapi.creativeTab
Found creative tab: headcrumbs
Found creative tab: immersiveintegration
Found creative tab: brewing
Found creative tab: RfTools
Found creative tab: RfToolsDimlets
Found creative tab: tabSimplyJetpacks
Found creative tab: tabSpringboards
Found creative tab: ThaumicEnergistics
Found creative tab: tabWitchery
Setting up ForgeMicroblock Library...
Setting up ExtraUtilities Library...
Setting up BuildCraft Library...
Setting up Applied Energistics 2 Library...
Loading table of contents for module: custom_nei_filters, 1.0, Author: ftb
Bootstrap setting found. Loading: Bootstrap.js
Loading: ThermalExpansion.js
override called. Params: ThermalExpansion, florb, 0,1
Regex match found! ThermalExpansion:florb matches ThermalExpansion:florb.
Found ItemStack ThermalExpansion:florb. 16xitem.thermalexpansion.florb@0
Loading: ForgeMicroblock.js
getRandomMaterial called. Returned: ImmersiveEngineering:metalDecoration_5
obliterate_microblocks called (version in info.inpureprojects.core.NEI.gtfoMicroblocks.ScriptObjects.ForgeMicroblockObject). Params: 1,2,4,257,258,260,513,514,516,769,770,772, ImmersiveEngineering:metalDecoration_5
Loading: ExtraUtilities.js
override called. Params: ExtraUtilities, drum, 0,1
Regex match found! ExtraUtilities:drum matches ExtraUtilities:drum.
Found ItemStack ExtraUtilities:drum. 64xtile.extrautils:drum@0
getRandomMaterial called. Returned: ImmersiveEngineering:storage_3
obliterate_microblocks called (version in info.inpureprojects.core.NEI.gtfoMicroblocks.ScriptObjects.ExtraUtilitiesObject). Params: 1,2,3, ImmersiveEngineering:storage_3
Loading: BuildCraft.js
getFacadesSize called. Returned: 3141
obliterate_microblocks called (version in info.inpureprojects.core.NEI.gtfoMicroblocks.ScriptObjects.BCObject). Params: 696
Loading: Bibliocraft.js
override called. Params: BiblioCraft, *, 0
Regex match found! BiblioCraft:* matches BiblioCraft:Armor Stand.
Regex match found! BiblioCraft:* matches BiblioCraft:BiblioBell.
Regex match found! BiblioCraft:* matches BiblioCraft:BiblioBorderlessPainting.
Regex match found! BiblioCraft:* matches BiblioCraft:BiblioCase.
Regex match found! BiblioCraft:* matches BiblioCraft:BiblioClipboard.
Regex match found! BiblioCraft:* matches BiblioCraft:BiblioClock.
Regex match found! BiblioCraft:* matches BiblioCraft:BiblioDesk.
Regex match found! BiblioCraft:* matches BiblioCraft:BiblioFancyPainting.
Regex match found! BiblioCraft:* matches BiblioCraft:BiblioFancySign.
Regex match found! BiblioCraft:* matches BiblioCraft:BiblioFlatPainting.
Regex match found! BiblioCraft:* matches BiblioCraft:BiblioIronLamp.
Regex match found! BiblioCraft:* matches BiblioCraft:BiblioIronLantern.
Regex match found! BiblioCraft:* matches BiblioCraft:BiblioLabel.
Regex match found! BiblioCraft:* matches BiblioCraft:BiblioLamp.
Regex match found! BiblioCraft:* matches BiblioCraft:BiblioLantern.
Regex match found! BiblioCraft:* matches BiblioCraft:BiblioMapFrames.
Regex match found! BiblioCraft:* matches BiblioCraft:BiblioMiddlePainting.
Regex match found! BiblioCraft:* matches BiblioCraft:BiblioPaintPress.
Regex match found! BiblioCraft:* matches BiblioCraft:BiblioPaneler.
Regex match found! BiblioCraft:* matches BiblioCraft:BiblioPotionShelf.
Regex match found! BiblioCraft:* matches BiblioCraft:BiblioRack.
Regex match found! BiblioCraft:* matches BiblioCraft:BiblioSeats.
Regex match found! BiblioCraft:* matches BiblioCraft:BiblioShelf.
Regex match found! BiblioCraft:* matches BiblioCraft:BiblioSimplePainting.
Regex match found! BiblioCraft:* matches BiblioCraft:BiblioStuffs.
Regex match found! BiblioCraft:* matches BiblioCraft:BiblioSwordPedestal.
Regex match found! BiblioCraft:* matches BiblioCraft:BiblioTable.
Regex match found! BiblioCraft:* matches BiblioCraft:BiblioTypewriter.
Regex match found! BiblioCraft:* matches BiblioCraft:BiblioWorkbench.
Regex match found! BiblioCraft:* matches BiblioCraft:Bibliotheca.
Regex match found! BiblioCraft:* matches BiblioCraft:BookcaseFilled.
Regex match found! BiblioCraft:* matches BiblioCraft:Printing Press.
Regex match found! BiblioCraft:* matches BiblioCraft:Typesetting Machine.
Regex match found! BiblioCraft:* matches BiblioCraft:item.AtlasBook.
Regex match found! BiblioCraft:* matches BiblioCraft:item.AtlasPlate.
Regex match found! BiblioCraft:* matches BiblioCraft:item.BiblioChase.
Regex match found! BiblioCraft:* matches BiblioCraft:item.BiblioClipboard.
Regex match found! BiblioCraft:* matches BiblioCraft:item.BiblioCreativeLock.
Regex match found! BiblioCraft:* matches BiblioCraft:item.BiblioDrill.
Regex match found! BiblioCraft:* matches BiblioCraft:item.BiblioGlasses.
Regex match found! BiblioCraft:* matches BiblioCraft:item.BiblioMapTool.
Regex match found! BiblioCraft:* matches BiblioCraft:item.BiblioRedBook.
Regex match found! BiblioCraft:* matches BiblioCraft:item.BiblioWayPointCompass.
Regex match found! BiblioCraft:* matches BiblioCraft:item.BigBook.
Regex match found! BiblioCraft:* matches BiblioCraft:item.DeathCompass.
Regex match found! BiblioCraft:* matches BiblioCraft:item.EnchantedPlate.
Regex match found! BiblioCraft:* matches BiblioCraft:item.FramingBoard.
Regex match found! BiblioCraft:* matches BiblioCraft:item.FramingSaw.
Regex match found! BiblioCraft:* matches BiblioCraft:item.FramingSheet.
Regex match found! BiblioCraft:* matches BiblioCraft:item.HandDrill.
Regex match found! BiblioCraft:* matches BiblioCraft:item.PaintingCanvas.
Regex match found! BiblioCraft:* matches BiblioCraft:item.PlumbLine.
Regex match found! BiblioCraft:* matches BiblioCraft:item.PrintPlate.
Regex match found! BiblioCraft:* matches BiblioCraft:item.RecipeBook.
Regex match found! BiblioCraft:* matches BiblioCraft:item.SlottedBook.
Regex match found! BiblioCraft:* matches BiblioCraft:item.StockroomCatalog.
Regex match found! BiblioCraft:* matches BiblioCraft:item.TesterItem.
Regex match found! BiblioCraft:* matches BiblioCraft:item.seatBack.
Regex match found! BiblioCraft:* matches BiblioCraft:item.seatBack2.
Regex match found! BiblioCraft:* matches BiblioCraft:item.seatBack3.
Regex match found! BiblioCraft:* matches BiblioCraft:item.seatBack4.
Regex match found! BiblioCraft:* matches BiblioCraft:item.seatBack5.
Regex match found! BiblioCraft:* matches BiblioCraft:item.tape.
Regex match found! BiblioCraft:* matches BiblioCraft:item.tapeMeasure.
Regex match found! BiblioCraft:* matches BiblioCraft:tile.BiblioFramedChest.
Found ItemStack BiblioCraft:Armor Stand. 64xtile.BiblioArmorStand@0
Found ItemStack BiblioCraft:BiblioBell. 64xtile.BiblioBell@0
Found ItemStack BiblioCraft:BiblioBorderlessPainting. 64xtile.BiblioBorderlessPainting@0
Found ItemStack BiblioCraft:BiblioCase. 64xtile.BiblioCase@0
Found ItemStack BiblioCraft:BiblioClipboard. 64xtile.BiblioClipboard@0
Found ItemStack BiblioCraft:BiblioClock. 64xtile.BiblioClock@0
Found ItemStack BiblioCraft:BiblioDesk. 64xtile.BiblioDesk@0
Found ItemStack BiblioCraft:BiblioFancyPainting. 64xtile.BiblioFancyPainting@0
Found ItemStack BiblioCraft:BiblioFancySign. 64xtile.BiblioFancySign@0
Found ItemStack BiblioCraft:BiblioFlatPainting. 64xtile.BiblioFlatPainting@0
Found ItemStack BiblioCraft:BiblioIronLamp. 64xtile.BiblioIronLamp@0
Found ItemStack BiblioCraft:BiblioIronLantern. 64xtile.BiblioIronLantern@0
Found ItemStack BiblioCraft:BiblioLabel. 64xtile.BiblioLabel@0
Found ItemStack BiblioCraft:BiblioLamp. 64xtile.BiblioLamp@0
Found ItemStack BiblioCraft:BiblioLantern. 64xtile.BiblioLantern@0
Found ItemStack BiblioCraft:BiblioMapFrames. 64xtile.BiblioMapFrames@0
Found ItemStack BiblioCraft:BiblioMiddlePainting. 64xtile.BiblioMiddlePainting@0
Found ItemStack BiblioCraft:BiblioPaintPress. 64xtile.BiblioPaintPress@0
Found ItemStack BiblioCraft:BiblioPaneler. 64xtile.BiblioPaneler@0
Found ItemStack BiblioCraft:BiblioPotionShelf. 64xtile.BiblioPotionShelf@0
Found ItemStack BiblioCraft:BiblioRack. 64xtile.BiblioRack@0
Found ItemStack BiblioCraft:BiblioSeats. 64xtile.BiblioSeats@0
Found ItemStack BiblioCraft:BiblioShelf. 64xtile.BiblioShelf@0
Found ItemStack BiblioCraft:BiblioSimplePainting. 64xtile.BiblioSimplePainting@0
Found ItemStack BiblioCraft:BiblioStuffs. 64xtile.BiblioStuffs@0
Found ItemStack BiblioCraft:BiblioSwordPedestal. 64xtile.BiblioSwordPedestal@0
Found ItemStack BiblioCraft:BiblioTable. 64xtile.BiblioTable@0
Found ItemStack BiblioCraft:BiblioTypewriter. 64xtile.BiblioTypewriter@0
Found ItemStack BiblioCraft:BiblioWorkbench. 64xtile.BiblioWorkbench@0
Found ItemStack BiblioCraft:Bibliotheca. 64xtile.BiblioBookcase@0
Found ItemStack BiblioCraft:BookcaseFilled. 64xtile.BookcaseFilled@0
Found ItemStack BiblioCraft:Printing Press. 64xtile.BiblioPress@0
Found ItemStack BiblioCraft:Typesetting Machine. 64xtile.BiblioType@0
Found ItemStack BiblioCraft:item.AtlasBook. 1xitem.AtlasBook@0
Found ItemStack BiblioCraft:item.AtlasPlate. 1xitem.AtlasPlate@0
Found ItemStack BiblioCraft:item.BiblioChase. 64xitem.BiblioChase@0
Found ItemStack BiblioCraft:item.BiblioClipboard. 1xitem.BiblioClipboard@0
Found ItemStack BiblioCraft:item.BiblioCreativeLock. 1xitem.BiblioCreativeLock@0
Found ItemStack BiblioCraft:item.BiblioDrill. 1xitem.BiblioDrill@0
Found ItemStack BiblioCraft:item.BiblioGlasses. 1xitem.BiblioGlasses@0
Found ItemStack BiblioCraft:item.BiblioMapTool. 1xitem.BiblioMapTool@0
Found ItemStack BiblioCraft:item.BiblioRedBook. 64xitem.BiblioRedBook@0
Found ItemStack BiblioCraft:item.BiblioWayPointCompass. 1xitem.BiblioWayPointCompass@0
Found ItemStack BiblioCraft:item.BigBook. 1xitem.BigBook@0
Found ItemStack BiblioCraft:item.DeathCompass. 64xitem.DeathCompass@0
Found ItemStack BiblioCraft:item.EnchantedPlate. 1xitem.EnchantedPlate@0
Found ItemStack BiblioCraft:item.FramingBoard. 64xitem.FramingBoard@0
Found ItemStack BiblioCraft:item.FramingSaw. 1xitem.FramingSaw@0
Found ItemStack BiblioCraft:item.FramingSheet. 64xitem.FramingSheet@0
Found ItemStack BiblioCraft:item.HandDrill. 1xitem.HandDrill@0
Found ItemStack BiblioCraft:item.PaintingCanvas. 64xitem.PaintingCanvas@0
Found ItemStack BiblioCraft:item.PlumbLine. 1xitem.PlumbLine@0
Found ItemStack BiblioCraft:item.PrintPlate. 1xitem.PrintPlate@0
Found ItemStack BiblioCraft:item.RecipeBook. 1xitem.RecipeBook@0
Found ItemStack BiblioCraft:item.SlottedBook. 1xitem.SlottedBook@0
Found ItemStack BiblioCraft:item.StockroomCatalog. 1xitem.StockroomCatalog@0
Found ItemStack BiblioCraft:item.TesterItem. 1xitem.TesterItem@0
Found ItemStack BiblioCraft:item.seatBack. 64xitem.seatBack@0
Found ItemStack BiblioCraft:item.seatBack2. 64xitem.seatBack@0
Found ItemStack BiblioCraft:item.seatBack3. 64xitem.seatBack@0
Found ItemStack BiblioCraft:item.seatBack4. 64xitem.seatBack@0
Found ItemStack BiblioCraft:item.seatBack5. 64xitem.seatBack@0
Found ItemStack BiblioCraft:item.tape. 64xitem.tape@0
Found ItemStack BiblioCraft:item.tapeMeasure. 1xitem.tapeMeasure@0
Found ItemStack BiblioCraft:tile.BiblioFramedChest. 64xtile.BiblioFramedChest@0
hide called. Params: BiblioWoodsBoP, *
Regex match found! BiblioWoodsBoP:* matches BiblioWoodsBoP:BiblioWoodBookcase.
Regex match found! BiblioWoodsBoP:* matches BiblioWoodsBoP:BiblioWoodClock.
Regex match found! BiblioWoodsBoP:* matches BiblioWoodsBoP:BiblioWoodFancySign.
Regex match found! BiblioWoodsBoP:* matches BiblioWoodsBoP:BiblioWoodFancyWorkbench.
Regex match found! BiblioWoodsBoP:* matches BiblioWoodsBoP:BiblioWoodMapFrame.
Regex match found! BiblioWoodsBoP:* matches BiblioWoodsBoP:BiblioWoodPaintingT0.
Regex match found! BiblioWoodsBoP:* matches BiblioWoodsBoP:BiblioWoodPaintingT1.
Regex match found! BiblioWoodsBoP:* matches BiblioWoodsBoP:BiblioWoodPaintingT2.
Regex match found! BiblioWoodsBoP:* matches BiblioWoodsBoP:BiblioWoodPaintingT3.
Regex match found! BiblioWoodsBoP:* matches BiblioWoodsBoP:BiblioWoodPaintingT4.
Regex match found! BiblioWoodsBoP:* matches BiblioWoodsBoP:BiblioWoodSeat.
Regex match found! BiblioWoodsBoP:* matches BiblioWoodsBoP:BiblioWoodcase.
Regex match found! BiblioWoodsBoP:* matches BiblioWoodsBoP:BiblioWooddesk.
Regex match found! BiblioWoodsBoP:* matches BiblioWoodsBoP:BiblioWoodlabel.
Regex match found! BiblioWoodsBoP:* matches BiblioWoodsBoP:BiblioWoodpotshelf.
Regex match found! BiblioWoodsBoP:* matches BiblioWoodsBoP:BiblioWoodrack.
Regex match found! BiblioWoodsBoP:* matches BiblioWoodsBoP:BiblioWoodshelf.
Regex match found! BiblioWoodsBoP:* matches BiblioWoodsBoP:BiblioWoodtable.
Regex match found! BiblioWoodsBoP:* matches BiblioWoodsBoP:seatBack1.
Regex match found! BiblioWoodsBoP:* matches BiblioWoodsBoP:seatBack2.
Regex match found! BiblioWoodsBoP:* matches BiblioWoodsBoP:seatBack3.
Regex match found! BiblioWoodsBoP:* matches BiblioWoodsBoP:seatBack4.
Regex match found! BiblioWoodsBoP:* matches BiblioWoodsBoP:seatBack5.
Found ItemStack BiblioWoodsBoP:BiblioWoodBookcase. 64xtile.BiblioWoodBookcase@0
Found ItemStack BiblioWoodsBoP:BiblioWoodClock. 64xtile.BiblioWoodClock@0
Found ItemStack BiblioWoodsBoP:BiblioWoodFancySign. 64xtile.BiblioWoodFancySign@0
Found ItemStack BiblioWoodsBoP:BiblioWoodFancyWorkbench. 64xtile.BiblioWoodFancyWorkbench@0
Found ItemStack BiblioWoodsBoP:BiblioWoodMapFrame. 64xtile.BiblioWoodMapFrame@0
Found ItemStack BiblioWoodsBoP:BiblioWoodPaintingT0. 64xtile.BiblioWoodPaintingT0@0
Found ItemStack BiblioWoodsBoP:BiblioWoodPaintingT1. 64xtile.BiblioWoodPaintingT1@0
Found ItemStack BiblioWoodsBoP:BiblioWoodPaintingT2. 64xtile.BiblioWoodPaintingT2@0
Found ItemStack BiblioWoodsBoP:BiblioWoodPaintingT3. 64xtile.BiblioWoodPaintingT3@0
Found ItemStack BiblioWoodsBoP:BiblioWoodPaintingT4. 64xtile.BiblioWoodPaintingT4@0
Found ItemStack BiblioWoodsBoP:BiblioWoodSeat. 64xtile.BiblioWoodSeat@0
Found ItemStack BiblioWoodsBoP:BiblioWoodcase. 64xtile.BiblioWoodcase@0
Found ItemStack BiblioWoodsBoP:BiblioWooddesk. 64xtile.BiblioWooddesk@0
Found ItemStack BiblioWoodsBoP:BiblioWoodlabel. 64xtile.BiblioWoodlabel@0
Found ItemStack BiblioWoodsBoP:BiblioWoodpotshelf. 64xtile.BiblioWoodpotshelf@0
Found ItemStack BiblioWoodsBoP:BiblioWoodrack. 64xtile.BiblioWoodrack@0
Found ItemStack BiblioWoodsBoP:BiblioWoodshelf. 64xtile.BiblioWoodshelf@0
Found ItemStack BiblioWoodsBoP:BiblioWoodtable. 64xtile.BiblioWoodtable@0
Found ItemStack BiblioWoodsBoP:seatBack1. 64xitem.seatBack@0
Found ItemStack BiblioWoodsBoP:seatBack2. 64xitem.seatBack@0
Found ItemStack BiblioWoodsBoP:seatBack3. 64xitem.seatBack@0
Found ItemStack BiblioWoodsBoP:seatBack4. 64xitem.seatBack@0
Found ItemStack BiblioWoodsBoP:seatBack5. 64xitem.seatBack@0
hide called. Params: BiblioWoodsForestry, *
Regex match found! BiblioWoodsForestry:* matches BiblioWoodsForestry:BiblioWoodClock.
Regex match found! BiblioWoodsForestry:* matches BiblioWoodsForestry:BiblioWoodClock2.
Regex match found! BiblioWoodsForestry:* matches BiblioWoodsForestry:BiblioWoodFancySign.
Regex match found! BiblioWoodsForestry:* matches BiblioWoodsForestry:BiblioWoodFancySign2.
Regex match found! BiblioWoodsForestry:* matches BiblioWoodsForestry:BiblioWoodFancyWorkbench.
Regex match found! BiblioWoodsForestry:* matches BiblioWoodsForestry:BiblioWoodFancyWorkbench2.
Regex match found! BiblioWoodsForestry:* matches BiblioWoodsForestry:BiblioWoodFstBookcase.
Regex match found! BiblioWoodsForestry:* matches BiblioWoodsForestry:BiblioWoodFstBookcase2.
Regex match found! BiblioWoodsForestry:* matches BiblioWoodsForestry:BiblioWoodFstcase0.
Regex match found! BiblioWoodsForestry:* matches BiblioWoodsForestry:BiblioWoodFstcase1.
Regex match found! BiblioWoodsForestry:* matches BiblioWoodsForestry:BiblioWoodFstdesk.
Regex match found! BiblioWoodsForestry:* matches BiblioWoodsForestry:BiblioWoodFstdesk2.
Regex match found! BiblioWoodsForestry:* matches BiblioWoodsForestry:BiblioWoodFstlabel.
Regex match found! BiblioWoodsForestry:* matches BiblioWoodsForestry:BiblioWoodFstlabel2.
Regex match found! BiblioWoodsForestry:* matches BiblioWoodsForestry:BiblioWoodFstpotshelf.
Regex match found! BiblioWoodsForestry:* matches BiblioWoodsForestry:BiblioWoodFstpotshelf2.
Regex match found! BiblioWoodsForestry:* matches BiblioWoodsForestry:BiblioWoodFstrack.
Regex match found! BiblioWoodsForestry:* matches BiblioWoodsForestry:BiblioWoodFstrack2.
Regex match found! BiblioWoodsForestry:* matches BiblioWoodsForestry:BiblioWoodFstshelf.
Regex match found! BiblioWoodsForestry:* matches BiblioWoodsForestry:BiblioWoodFstshelf2.
Regex match found! BiblioWoodsForestry:* matches BiblioWoodsForestry:BiblioWoodFsttable.
Regex match found! BiblioWoodsForestry:* matches BiblioWoodsForestry:BiblioWoodFsttable2.
Regex match found! BiblioWoodsForestry:* matches BiblioWoodsForestry:BiblioWoodMapFrame.
Regex match found! BiblioWoodsForestry:* matches BiblioWoodsForestry:BiblioWoodMapFrame2.
Regex match found! BiblioWoodsForestry:* matches BiblioWoodsForestry:BiblioWoodPaintingT0.
Regex match found! BiblioWoodsForestry:* matches BiblioWoodsForestry:BiblioWoodPaintingT0b.
Regex match found! BiblioWoodsForestry:* matches BiblioWoodsForestry:BiblioWoodPaintingT1.
Regex match found! BiblioWoodsForestry:* matches BiblioWoodsForestry:BiblioWoodPaintingT1b.
Regex match found! BiblioWoodsForestry:* matches BiblioWoodsForestry:BiblioWoodPaintingT2.
Regex match found! BiblioWoodsForestry:* matches BiblioWoodsForestry:BiblioWoodPaintingT2b.
Regex match found! BiblioWoodsForestry:* matches BiblioWoodsForestry:BiblioWoodPaintingT3.
Regex match found! BiblioWoodsForestry:* matches BiblioWoodsForestry:BiblioWoodPaintingT3b.
Regex match found! BiblioWoodsForestry:* matches BiblioWoodsForestry:BiblioWoodPaintingT4.
Regex match found! BiblioWoodsForestry:* matches BiblioWoodsForestry:BiblioWoodPaintingT4b.
Regex match found! BiblioWoodsForestry:* matches BiblioWoodsForestry:BiblioWoodSeat.
Regex match found! BiblioWoodsForestry:* matches BiblioWoodsForestry:BiblioWoodSeat2.
Regex match found! BiblioWoodsForestry:* matches BiblioWoodsForestry:seatBack1.
Regex match found! BiblioWoodsForestry:* matches BiblioWoodsForestry:seatBack2.
Regex match found! BiblioWoodsForestry:* matches BiblioWoodsForestry:seatBack3.
Regex match found! BiblioWoodsForestry:* matches BiblioWoodsForestry:seatBack4.
Regex match found! BiblioWoodsForestry:* matches BiblioWoodsForestry:seatBack5.
Found ItemStack BiblioWoodsForestry:BiblioWoodClock. 64xtile.BiblioWoodClock@0
Found ItemStack BiblioWoodsForestry:BiblioWoodClock2. 64xtile.BiblioWoodClock2@0
Found ItemStack BiblioWoodsForestry:BiblioWoodFancySign. 64xtile.BiblioWoodFancySign@0
Found ItemStack BiblioWoodsForestry:BiblioWoodFancySign2. 64xtile.BiblioWoodFancySign2@0
Found ItemStack BiblioWoodsForestry:BiblioWoodFancyWorkbench. 64xtile.BiblioWoodFancyWorkbench@0
Found ItemStack BiblioWoodsForestry:BiblioWoodFancyWorkbench2. 64xtile.BiblioWoodFancyWorkbench2@0
Found ItemStack BiblioWoodsForestry:BiblioWoodFstBookcase. 64xtile.BiblioWoodFstBookcase@0
Found ItemStack BiblioWoodsForestry:BiblioWoodFstBookcase2. 64xtile.BiblioWoodFstBookcase2@0
Found ItemStack BiblioWoodsForestry:BiblioWoodFstcase0. 64xtile.BiblioWoodFstcase0@0
Found ItemStack BiblioWoodsForestry:BiblioWoodFstcase1. 64xtile.BiblioWoodFstcase1@0
Found ItemStack BiblioWoodsForestry:BiblioWoodFstdesk. 64xtile.BiblioWoodFstdesk@0
Found ItemStack BiblioWoodsForestry:BiblioWoodFstdesk2. 64xtile.BiblioWoodFstdesk2@0
Found ItemStack BiblioWoodsForestry:BiblioWoodFstlabel. 64xtile.BiblioWoodFstlabel@0
Found ItemStack BiblioWoodsForestry:BiblioWoodFstlabel2. 64xtile.BiblioWoodFstlabel2@0
Found ItemStack BiblioWoodsForestry:BiblioWoodFstpotshelf. 64xtile.BiblioWoodFstpotshelf@0
Found ItemStack BiblioWoodsForestry:BiblioWoodFstpotshelf2. 64xtile.BiblioWoodFstpotshelf2@0
Found ItemStack BiblioWoodsForestry:BiblioWoodFstrack. 64xtile.BiblioWoodFstrack@0
Found ItemStack BiblioWoodsForestry:BiblioWoodFstrack2. 64xtile.BiblioWoodFstrack2@0
Found ItemStack BiblioWoodsForestry:BiblioWoodFstshelf. 64xtile.BiblioWoodFstshelf@0
Found ItemStack BiblioWoodsForestry:BiblioWoodFstshelf2. 64xtile.BiblioWoodFstshelf2@0
Found ItemStack BiblioWoodsForestry:BiblioWoodFsttable. 64xtile.BiblioWoodFsttable@0
Found ItemStack BiblioWoodsForestry:BiblioWoodFsttable2. 64xtile.BiblioWoodFsttable2@0
Found ItemStack BiblioWoodsForestry:BiblioWoodMapFrame. 64xtile.BiblioWoodMapFrame@0
Found ItemStack BiblioWoodsForestry:BiblioWoodMapFrame2. 64xtile.BiblioWoodMapFrame2@0
Found ItemStack BiblioWoodsForestry:BiblioWoodPaintingT0. 64xtile.BiblioWoodPaintingT0@0
Found ItemStack BiblioWoodsForestry:BiblioWoodPaintingT0b. 64xtile.BiblioWoodPaintingT0b@0
Found ItemStack BiblioWoodsForestry:BiblioWoodPaintingT1. 64xtile.BiblioWoodPaintingT1@0
Found ItemStack BiblioWoodsForestry:BiblioWoodPaintingT1b. 64xtile.BiblioWoodPaintingT1b@0
Found ItemStack BiblioWoodsForestry:BiblioWoodPaintingT2. 64xtile.BiblioWoodPaintingT2@0
Found ItemStack BiblioWoodsForestry:BiblioWoodPaintingT2b. 64xtile.BiblioWoodPaintingT2b@0
Found ItemStack BiblioWoodsForestry:BiblioWoodPaintingT3. 64xtile.BiblioWoodPaintingT3@0
Found ItemStack BiblioWoodsForestry:BiblioWoodPaintingT3b. 64xtile.BiblioWoodPaintingT3b@0
Found ItemStack BiblioWoodsForestry:BiblioWoodPaintingT4. 64xtile.BiblioWoodPaintingT4@0
Found ItemStack BiblioWoodsForestry:BiblioWoodPaintingT4b. 64xtile.BiblioWoodPaintingT4b@0
Found ItemStack BiblioWoodsForestry:BiblioWoodSeat. 64xtile.BiblioWoodSeat@0
Found ItemStack BiblioWoodsForestry:BiblioWoodSeat2. 64xtile.BiblioWoodSea2t@0
Found ItemStack BiblioWoodsForestry:seatBack1. 64xitem.seatBack@0
Found ItemStack BiblioWoodsForestry:seatBack2. 64xitem.seatBack@0
Found ItemStack BiblioWoodsForestry:seatBack3. 64xitem.seatBack@0
Found ItemStack BiblioWoodsForestry:seatBack4. 64xitem.seatBack@0
Found ItemStack BiblioWoodsForestry:seatBack5. 64xitem.seatBack@0
Loading: AppliedEnergistics2.js
getFacadeItem called. Returned: appliedenergistics2:item.ItemFacade
getSubTypes called.
getNumberOfTypes called. Returned: 2325
override called. Params: appliedenergistics2, item.ItemFacade, 1005
Regex match found! appliedenergistics2:item.ItemFacade matches appliedenergistics2:item.ItemFacade.
Found ItemStack appliedenergistics2:item.ItemFacade. 64xitem.appliedenergistics2.ItemFacade@0
override called. Params: extracells, pattern.fluid, 0
Regex match found! extracells:pattern.fluid matches extracells:pattern.fluid.
Found ItemStack extracells:pattern.fluid. 1xitem.extracells.pattern.fluid@0
Loading: Tcon.js
override called. Params: TConstruct, creativeModifier, 0
Regex match found! TConstruct:creativeModifier matches TConstruct:creativeModifier.
Found ItemStack TConstruct:creativeModifier. 64xitem.tconstruct.modifier.creative@0
hide called. Params: TConstruct, Boneana
Regex match found! TConstruct:Boneana matches TConstruct:Boneana.
Found ItemStack TConstruct:Boneana. 1xitem.InfiTool.Broadsword@0
hide called. Params: TConstruct, potionLauncher
Regex match found! TConstruct:potionLauncher matches TConstruct:potionLauncher.
Found ItemStack TConstruct:potionLauncher. 1xitem.tconstruct.PotionLauncher@0
hide called. Params: TConstruct, HeldItemBlock
Regex match found! TConstruct:HeldItemBlock matches TConstruct:HeldItemBlock.
Found ItemStack TConstruct:HeldItemBlock. 64xtile.Frypan@0
hide called. Params: TConstruct, BattleSignBlock
Regex match found! TConstruct:BattleSignBlock matches TConstruct:BattleSignBlock.
Found ItemStack TConstruct:BattleSignBlock. 64xtile.Battlesign@0
Loading: AgriCraft.js
Loading: IC2.js
override called. Params: IC2, itemFluidCell, 0
Regex match found! IC2:itemFluidCell matches IC2:itemFluidCell.
Found ItemStack IC2:itemFluidCell. 64xic2.itemFluidCell@0
override called. Params: IC2, itemCellEmpty, 0
Regex match found! IC2:itemCellEmpty matches IC2:itemCellEmpty.
Found ItemStack IC2:itemCellEmpty. 64xic2.itemCellEmpty@0
Loading: HarvestCraft.js
hide called. Params: harvestcraft, ovenon
hide called. Params: harvestcraft, churnon
hide called. Params: harvestcraft, quernon
hide called. Params: harvestcraft, pamApple
hide called. Params: harvestcraft, pamAlmond
hide called. Params: harvestcraft, pamApricot
hide called. Params: harvestcraft, pamAvocado
hide called. Params: harvestcraft, pamBanana
hide called. Params: harvestcraft, pamCashew
hide called. Params: harvestcraft, pamCherry
hide called. Params: harvestcraft, pamChestnut
hide called. Params: harvestcraft, pamCinnamon
hide called. Params: harvestcraft, pamCoconut
hide called. Params: harvestcraft, pamDate
hide called. Params: harvestcraft, pamDragonfruit
hide called. Params: harvestcraft, pamDurian
hide called. Params: harvestcraft, pamFig
hide called. Params: harvestcraft, pamGrapefruit
hide called. Params: harvestcraft, pamLemon
hide called. Params: harvestcraft, pamLime
hide called. Params: harvestcraft, pamMaple
hide called. Params: harvestcraft, pamMango
hide called. Params: harvestcraft, pamNutmeg
hide called. Params: harvestcraft, pamOlive
hide called. Params: harvestcraft, pamOrange
hide called. Params: harvestcraft, pamPapaya
hide called. Params: harvestcraft, pamPaperbark
hide called. Params: harvestcraft, pamPeach
hide called. Params: harvestcraft, pamPear
hide called. Params: harvestcraft, pamPecan
hide called. Params: harvestcraft, pamPeppercorn
hide called. Params: harvestcraft, pamPersimmon
hide called. Params: harvestcraft, pamPistachio
hide called. Params: harvestcraft, pamPlum
hide called. Params: harvestcraft, pamPomegranate
hide called. Params: harvestcraft, pamStarfruit
hide called. Params: harvestcraft, pamVanillabean
hide called. Params: harvestcraft, pamWalnut
hide called. Params: harvestcraft, pamblackberryCrop
hide called. Params: harvestcraft, pamblueberryCrop
hide called. Params: harvestcraft, pamcandleberryCrop
hide called. Params: harvestcraft, pamraspberryCrop
hide called. Params: harvestcraft, pamstrawberryCrop
hide called. Params: harvestcraft, pamcactusfruitCrop
hide called. Params: harvestcraft, pamasparagusCrop
hide called. Params: harvestcraft, pambarleyCrop
hide called. Params: harvestcraft, pamoatsCrop
hide called. Params: harvestcraft, pamryeCrop
hide called. Params: harvestcraft, pamcornCrop
hide called. Params: harvestcraft, pambambooshootCrop
hide called. Params: harvestcraft, pamcantaloupeCrop
hide called. Params: harvestcraft, pamcucumberCrop
hide called. Params: harvestcraft, pamwintersquashCrop
hide called. Params: harvestcraft, pamzucchiniCrop
hide called. Params: harvestcraft, pambeetCrop
hide called. Params: harvestcraft, pamonionCrop
hide called. Params: harvestcraft, pamparsnipCrop
hide called. Params: harvestcraft, pampeanutCrop
hide called. Params: harvestcraft, pamradishCrop
hide called. Params: harvestcraft, pamrutabagaCrop
hide called. Params: harvestcraft, pamsweetpotatoCrop
hide called. Params: harvestcraft, pamturnipCrop
hide called. Params: harvestcraft, pamrhubarbCrop
hide called. Params: harvestcraft, pamceleryCrop
hide called. Params: harvestcraft, pamgarlicCrop
hide called. Params: harvestcraft, pamgingerCrop
hide called. Params: harvestcraft, pamspiceleafCrop
hide called. Params: harvestcraft, pamtealeafCrop
hide called. Params: harvestcraft, pamcoffeebeanCrop
hide called. Params: harvestcraft, pammustardseedsCrop
hide called. Params: harvestcraft, pambroccoliCrop
hide called. Params: harvestcraft, pamcauliflowerCrop
hide called. Params: harvestcraft, pamleekCrop
hide called. Params: harvestcraft, pamlettuceCrop
hide called. Params: harvestcraft, pamscallionCrop
hide called. Params: harvestcraft, pamartichokeCrop
hide called. Params: harvestcraft, pambrusselsproutCrop
hide called. Params: harvestcraft, pamcabbageCrop
hide called. Params: harvestcraft, pamspinachCrop
hide called. Params: harvestcraft, pamwhitemushroomCrop
hide called. Params: harvestcraft, pambeanCrop
hide called. Params: harvestcraft, pamsoybeanCrop
hide called. Params: harvestcraft, pambellpepperCrop
hide called. Params: harvestcraft, pamchilipepperCrop
hide called. Params: harvestcraft, pameggplantCrop
hide called. Params: harvestcraft, pamokraCrop
hide called. Params: harvestcraft, pampeasCrop
hide called. Params: harvestcraft, pamtomatoCrop
hide called. Params: harvestcraft, pamcottonCrop
hide called. Params: harvestcraft, pampineappleCrop
hide called. Params: harvestcraft, pamgrapeCrop
hide called. Params: harvestcraft, pamkiwiCrop
hide called. Params: harvestcraft, pamcranberryCrop
hide called. Params: harvestcraft, pamriceCrop
hide called. Params: harvestcraft, pamseaweedCrop
Loading: vanilla.js
hide called. Params: minecraft, portal
Regex match found! minecraft:portal matches minecraft:portal.
Found ItemStack minecraft:portal. 64xtile.portal@0
hide called. Params: minecraft, end_portal
Regex match found! minecraft:end_portal matches minecraft:end_portal.
Found ItemStack minecraft:end_portal. 64xtile.null@0
hide called. Params: minecraft, fire
Regex match found! minecraft:fire matches minecraft:fire.
Found ItemStack minecraft:fire. 64xtile.fire@0
hide called. Params: minecraft, water
Regex match found! minecraft:water matches minecraft:water.
Found ItemStack minecraft:water. 64xtile.water@0
hide called. Params: minecraft, lava
Regex match found! minecraft:lava matches minecraft:lava.
Found ItemStack minecraft:lava. 64xtile.lava@0
hide called. Params: minecraft, lit_furnace
Regex match found! minecraft:lit_furnace matches minecraft:lit_furnace.
Found ItemStack minecraft:lit_furnace. 64xtile.furnace@0
Loading: Misc.js
hide called. Params: Botany, flower
Regex match found! Botany:flower matches Botany:flower.
Found ItemStack Botany:flower. 64xtile.flower@0
override called. Params: BuildCraft|Core, paintbrush, 0
Regex match found! BuildCraft|Core:paintbrush matches BuildCraft|Core:paintbrush.
Found ItemStack BuildCraft|Core:paintbrush. 1xitem.paintbrush@0
hide called. Params: BuildCraft|Transport, pipeBlock
Regex match found! BuildCraft|Transport:pipeBlock matches BuildCraft|Transport:pipeBlock.
Found ItemStack BuildCraft|Transport:pipeBlock. 64xtile.pipeBlock@0
hide called. Params: CarpentersBlocks, blockCarpentersDoor
Regex match found! CarpentersBlocks:blockCarpentersDoor matches CarpentersBlocks:blockCarpentersDoor.
Found ItemStack CarpentersBlocks:blockCarpentersDoor. 64xtile.blockCarpentersDoor@0
hide called. Params: CarpentersBlocks, blockCarpentersBed
Regex match found! CarpentersBlocks:blockCarpentersBed matches CarpentersBlocks:blockCarpentersBed.
Found ItemStack CarpentersBlocks:blockCarpentersBed. 64xtile.blockCarpentersBed@0
hide called. Params: Genetics, serumArray
Regex match found! Genetics:serumArray matches Genetics:serumArray.
Found ItemStack Genetics:serumArray. 1xitem.serumArray@0
hide called. Params: Genetics, serum
Regex match found! Genetics:serum matches Genetics:serum.
Found ItemStack Genetics:serum. 1xitem.serum@0
hide called. Params: Forestry, crated*
Regex match found! Forestry:crated* matches Forestry:cratedAcaciaSapling.
Regex match found! Forestry:crated* matches Forestry:cratedAcaciaWood.
Regex match found! Forestry:crated* matches Forestry:cratedApatite.
Regex match found! Forestry:crated* matches Forestry:cratedApples.
Regex match found! Forestry:crated* matches Forestry:cratedAsh.
Regex match found! Forestry:crated* matches Forestry:cratedBeeswax.
Regex match found! Forestry:crated* matches Forestry:cratedBirchSapling.
Regex match found! Forestry:crated* matches Forestry:cratedBirchWood.
Regex match found! Forestry:crated* matches Forestry:cratedBogearth.
Regex match found! Forestry:crated* matches Forestry:cratedBrass.
Regex match found! Forestry:crated* matches Forestry:cratedBrick.
Regex match found! Forestry:crated* matches Forestry:cratedBronze.
Regex match found! Forestry:crated* matches Forestry:cratedCacti.
Regex match found! Forestry:crated* matches Forestry:cratedCarrots.
Regex match found! Forestry:crated* matches Forestry:cratedCharcoal.
Regex match found! Forestry:crated* matches Forestry:cratedCherry.
Regex match found! Forestry:crated* matches Forestry:cratedChestnut.
Regex match found! Forestry:crated* matches Forestry:cratedClay.
Regex match found! Forestry:crated* matches Forestry:cratedCoal.
Regex match found! Forestry:crated* matches Forestry:cratedCobblestone.
Regex match found! Forestry:crated* matches Forestry:cratedCocoaComb.
Regex match found! Forestry:crated* matches Forestry:cratedCookies.
Regex match found! Forestry:crated* matches Forestry:cratedCopper.
Regex match found! Forestry:crated* matches Forestry:cratedCrystallinePollen.
Regex match found! Forestry:crated* matches Forestry:cratedDarkOakSapling.
Regex match found! Forestry:crated* matches Forestry:cratedDarkOakWood.
Regex match found! Forestry:crated* matches Forestry:cratedDates.
Regex match found! Forestry:crated* matches Forestry:cratedDirt.
Regex match found! Forestry:crated* matches Forestry:cratedDrippingCombs.
Regex match found! Forestry:crated* matches Forestry:cratedFertilizer.
Regex match found! Forestry:crated* matches Forestry:cratedFrozenCombs.
Regex match found! Forestry:crated* matches Forestry:cratedGlowstone.
Regex match found! Forestry:crated* matches Forestry:cratedGravel.
Regex match found! Forestry:crated* matches Forestry:cratedHoneycombs.
Regex match found! Forestry:crated* matches Forestry:cratedHoneydew.
Regex match found! Forestry:crated* matches Forestry:cratedHumus.
Regex match found! Forestry:crated* matches Forestry:cratedJungleSapling.
Regex match found! Forestry:crated* matches Forestry:cratedJungleWood.
Regex match found! Forestry:crated* matches Forestry:cratedLapis.
Regex match found! Forestry:crated* matches Forestry:cratedLemon.
Regex match found! Forestry:crated* matches Forestry:cratedMellowCombs.
Regex match found! Forestry:crated* matches Forestry:cratedMossyCombs.
Regex match found! Forestry:crated* matches Forestry:cratedMulch.
Regex match found! Forestry:crated* matches Forestry:cratedMycelium.
Regex match found! Forestry:crated* matches Forestry:cratedMysteriousCombs.
Regex match found! Forestry:crated* matches Forestry:cratedNetherbrick.
Regex match found! Forestry:crated* matches Forestry:cratedNetherrack.
Regex match found! Forestry:crated* matches Forestry:cratedNetherwart.
Regex match found! Forestry:crated* matches Forestry:cratedObsidian.
Regex match found! Forestry:crated* matches Forestry:cratedPapaya.
Regex match found! Forestry:crated* matches Forestry:cratedParchedCombs.
Regex match found! Forestry:crated* matches Forestry:cratedPeat.
Regex match found! Forestry:crated* matches Forestry:cratedPhosphor.
Regex match found! Forestry:crated* matches Forestry:cratedPlum.
Regex match found! Forestry:crated* matches Forestry:cratedPodzol.
Regex match found! Forestry:crated* matches Forestry:cratedPollen.
Regex match found! Forestry:crated* matches Forestry:cratedPotatoes.
Regex match found! Forestry:crated* matches Forestry:cratedPowderyCombs.
Regex match found! Forestry:crated* matches Forestry:cratedPropolis.
Regex match found! Forestry:crated* matches Forestry:cratedRedSand.
Regex match found! Forestry:crated* matches Forestry:cratedRedstone.
Regex match found! Forestry:crated* matches Forestry:cratedReeds.
Regex match found! Forestry:crated* matches Forestry:cratedRefractoryWax.
Regex match found! Forestry:crated* matches Forestry:cratedResin.
Regex match found! Forestry:crated* matches Forestry:cratedRoyalJelly.
Regex match found! Forestry:crated* matches Forestry:cratedRubber.
Regex match found! Forestry:crated* matches Forestry:cratedSand.
Regex match found! Forestry:crated* matches Forestry:cratedSandstone.
Regex match found! Forestry:crated* matches Forestry:cratedSaplings.
Regex match found! Forestry:crated* matches Forestry:cratedScrap.
Regex match found! Forestry:crated* matches Forestry:cratedSeeds.
Regex match found! Forestry:crated* matches Forestry:cratedSilkyCombs.
Regex match found! Forestry:crated* matches Forestry:cratedSilver.
Regex match found! Forestry:crated* matches Forestry:cratedSimmeringCombs.
Regex match found! Forestry:crated* matches Forestry:cratedSoulsand.
Regex match found! Forestry:crated* matches Forestry:cratedSpruceSapling.
Regex match found! Forestry:crated* matches Forestry:cratedSpruceWood.
Regex match found! Forestry:crated* matches Forestry:cratedStone.
Regex match found! Forestry:crated* matches Forestry:cratedStringyCombs.
Regex match found! Forestry:crated* matches Forestry:cratedTin.
Regex match found! Forestry:crated* matches Forestry:cratedWalnut.
Regex match found! Forestry:crated* matches Forestry:cratedWheat.
Regex match found! Forestry:crated* matches Forestry:cratedWheatenCombs.
Regex match found! Forestry:crated* matches Forestry:cratedWood.
Found ItemStack Forestry:cratedAcaciaSapling. 64xitem.cratedAcaciaSapling@0
Found ItemStack Forestry:cratedAcaciaWood. 64xitem.cratedAcaciaWood@0
Found ItemStack Forestry:cratedApatite. 64xitem.cratedApatite@0
Found ItemStack Forestry:cratedApples. 64xitem.cratedApples@0
Found ItemStack Forestry:cratedAsh. 64xitem.cratedAsh@0
Found ItemStack Forestry:cratedBeeswax. 64xitem.cratedBeeswax@0
Found ItemStack Forestry:cratedBirchSapling. 64xitem.cratedBirchSapling@0
Found ItemStack Forestry:cratedBirchWood. 64xitem.cratedBirchWood@0
Found ItemStack Forestry:cratedBogearth. 64xitem.cratedBogearth@0
Found ItemStack Forestry:cratedBrass. 64xitem.cratedBrass@0
Found ItemStack Forestry:cratedBrick. 64xitem.cratedBrick@0
Found ItemStack Forestry:cratedBronze. 64xitem.cratedBronze@0
Found ItemStack Forestry:cratedCacti. 64xitem.cratedCacti@0
Found ItemStack Forestry:cratedCarrots. 64xitem.cratedCarrots@0
Found ItemStack Forestry:cratedCharcoal. 64xitem.cratedCharcoal@0
Found ItemStack Forestry:cratedCherry. 64xitem.cratedCherry@0
Found ItemStack Forestry:cratedChestnut. 64xitem.cratedChestnut@0
Found ItemStack Forestry:cratedClay. 64xitem.cratedClay@0
Found ItemStack Forestry:cratedCoal. 64xitem.cratedCoal@0
Found ItemStack Forestry:cratedCobblestone. 64xitem.cratedCobblestone@0
Found ItemStack Forestry:cratedCocoaComb. 64xitem.cratedCocoaComb@0
Found ItemStack Forestry:cratedCookies. 64xitem.cratedCookies@0
Found ItemStack Forestry:cratedCopper. 64xitem.cratedCopper@0
Found ItemStack Forestry:cratedCrystallinePollen. 64xitem.cratedCrystallinePollen@0
Found ItemStack Forestry:cratedDarkOakSapling. 64xitem.cratedDarkOakSapling@0
Found ItemStack Forestry:cratedDarkOakWood. 64xitem.cratedDarkOakWood@0
Found ItemStack Forestry:cratedDates. 64xitem.cratedDates@0
Found ItemStack Forestry:cratedDirt. 64xitem.cratedDirt@0
Found ItemStack Forestry:cratedDrippingCombs. 64xitem.cratedDrippingCombs@0
Found ItemStack Forestry:cratedFertilizer. 64xitem.cratedFertilizer@0
Found ItemStack Forestry:cratedFrozenCombs. 64xitem.cratedFrozenCombs@0
Found ItemStack Forestry:cratedGlowstone. 64xitem.cratedGlowstone@0
Found ItemStack Forestry:cratedGravel. 64xitem.cratedGravel@0
Found ItemStack Forestry:cratedHoneycombs. 64xitem.cratedHoneycombs@0
Found ItemStack Forestry:cratedHoneydew. 64xitem.cratedHoneydew@0
Found ItemStack Forestry:cratedHumus. 64xitem.cratedHumus@0
Found ItemStack Forestry:cratedJungleSapling. 64xitem.cratedJungleSapling@0
Found ItemStack Forestry:cratedJungleWood. 64xitem.cratedJungleWood@0
Found ItemStack Forestry:cratedLapis. 64xitem.cratedLapis@0
Found ItemStack Forestry:cratedLemon. 64xitem.cratedLemon@0
Found ItemStack Forestry:cratedMellowCombs. 64xitem.cratedMellowCombs@0
Found ItemStack Forestry:cratedMossyCombs. 64xitem.cratedMossyCombs@0
Found ItemStack Forestry:cratedMulch. 64xitem.cratedMulch@0
Found ItemStack Forestry:cratedMycelium. 64xitem.cratedMycelium@0
Found ItemStack Forestry:cratedMysteriousCombs. 64xitem.cratedMysteriousCombs@0
Found ItemStack Forestry:cratedNetherbrick. 64xitem.cratedNetherbrick@0
Found ItemStack Forestry:cratedNetherrack. 64xitem.cratedNetherrack@0
Found ItemStack Forestry:cratedNetherwart. 64xitem.cratedNetherwart@0
Found ItemStack Forestry:cratedObsidian. 64xitem.cratedObsidian@0
Found ItemStack Forestry:cratedPapaya. 64xitem.cratedPapaya@0
Found ItemStack Forestry:cratedParchedCombs. 64xitem.cratedParchedCombs@0
Found ItemStack Forestry:cratedPeat. 64xitem.cratedPeat@0
Found ItemStack Forestry:cratedPhosphor. 64xitem.cratedPhosphor@0
Found ItemStack Forestry:cratedPlum. 64xitem.cratedPlum@0
Found ItemStack Forestry:cratedPodzol. 64xitem.cratedPodzol@0
Found ItemStack Forestry:cratedPollen. 64xitem.cratedPollen@0
Found ItemStack Forestry:cratedPotatoes. 64xitem.cratedPotatoes@0
Found ItemStack Forestry:cratedPowderyCombs. 64xitem.cratedPowderyCombs@0
Found ItemStack Forestry:cratedPropolis. 64xitem.cratedPropolis@0
Found ItemStack Forestry:cratedRedSand. 64xitem.cratedRedSand@0
Found ItemStack Forestry:cratedRedstone. 64xitem.cratedRedstone@0
Found ItemStack Forestry:cratedReeds. 64xitem.cratedReeds@0
Found ItemStack Forestry:cratedRefractoryWax. 64xitem.cratedRefractoryWax@0
Found ItemStack Forestry:cratedResin. 64xitem.cratedResin@0
Found ItemStack Forestry:cratedRoyalJelly. 64xitem.cratedRoyalJelly@0
Found ItemStack Forestry:cratedRubber. 64xitem.cratedRubber@0
Found ItemStack Forestry:cratedSand. 64xitem.cratedSand@0
Found ItemStack Forestry:cratedSandstone. 64xitem.cratedSandstone@0
Found ItemStack Forestry:cratedSaplings. 64xitem.cratedSaplings@0
Found ItemStack Forestry:cratedScrap. 64xitem.cratedScrap@0
Found ItemStack Forestry:cratedSeeds. 64xitem.cratedSeeds@0
Found ItemStack Forestry:cratedSilkyCombs. 64xitem.cratedSilkyCombs@0
Found ItemStack Forestry:cratedSilver. 64xitem.cratedSilver@0
Found ItemStack Forestry:cratedSimmeringCombs. 64xitem.cratedSimmeringCombs@0
Found ItemStack Forestry:cratedSoulsand. 64xitem.cratedSoulsand@0
Found ItemStack Forestry:cratedSpruceSapling. 64xitem.cratedSpruceSapling@0
Found ItemStack Forestry:cratedSpruceWood. 64xitem.cratedSpruceWood@0
Found ItemStack Forestry:cratedStone. 64xitem.cratedStone@0
Found ItemStack Forestry:cratedStringyCombs. 64xitem.cratedStringyCombs@0
Found ItemStack Forestry:cratedTin. 64xitem.cratedTin@0
Found ItemStack Forestry:cratedWalnut. 64xitem.cratedWalnut@0
Found ItemStack Forestry:cratedWheat. 64xitem.cratedWheat@0
Found ItemStack Forestry:cratedWheatenCombs. 64xitem.cratedWheatenCombs@0
Found ItemStack Forestry:cratedWood. 64xitem.cratedWood@0
override called. Params: Forestry, ffarm, 0,2,3,4,5
Regex match found! Forestry:ffarm matches Forestry:ffarm.
Found ItemStack Forestry:ffarm. 64xtile.for.ffarm@0
